#
# There is insufficient memory for the Java Runtime Environment to continue.
# Native memory allocation (malloc) failed to allocate 393616 bytes for Chunk::new
# Possible reasons:
#   The system is out of physical RAM or swap space
#   The process is running with CompressedOops enabled, and the Java Heap may be blocking the growth of the native heap
# Possible solutions:
#   Reduce memory load on the system
#   Increase physical memory or swap space
#   Check if swap backing store is full
#   Decrease Java heap size (-Xmx/-Xms)
#   Decrease number of Java threads
#   Decrease Java thread stack sizes (-Xss)
#   Set larger code cache with -XX:ReservedCodeCacheSize=
#   JVM is running with Unscaled Compressed Oops mode in which the Java heap is
#     placed in the first 4GB address space. The Java Heap base address is the
#     maximum limit for the native heap growth. Please use -XX:HeapBaseMinAddress
#     to set the Java Heap base and to place the Java Heap above 4GB virtual address.
# This output file may be truncated or incomplete.
#
#  Out of Memory Error (allocation.cpp:389), pid=12708, tid=0x0000000000004764
#
# JRE version: OpenJDK Runtime Environment (8.0_312-b07) (build 1.8.0_312-b07)
# Java VM: OpenJDK 64-Bit Server VM (25.312-b07 mixed mode windows-amd64 compressed oops)
# Failed to write core dump. Minidumps are not enabled by default on client versions of Windows
#

---------------  T H R E A D  ---------------

Current thread (0x0000000013ca9000):  JavaThread "C2 CompilerThread0" daemon [_thread_in_native, id=18276, stack(0x0000000015d00000,0x0000000015e00000)]

Stack: [0x0000000015d00000,0x0000000015e00000]
[error occurred during error reporting (printing stack bounds), id 0xc0000005]

Native frames: (J=compiled Java code, j=interpreted, Vv=VM code, C=native code)


Current CompileTask:
C2:   3573 1940   !   4       java.lang.ClassLoader::getPackage (118 bytes)


---------------  P R O C E S S  ---------------

Java Threads: ( => current thread )
  0x00000000178d6000 JavaThread "File watcher consumer" daemon [_thread_blocked, id=496, stack(0x000000001c5c0000,0x000000001c6c0000)]
  0x00000000178d9000 JavaThread "File watcher server" daemon [_thread_in_native, id=19900, stack(0x000000001c4c0000,0x000000001c5c0000)]
  0x00000000178d4000 JavaThread "Cache worker for file hash cache (D:\project\react-native-cli\StemVietNam\android\.gradle\7.2\fileHashes)" [_thread_blocked, id=23852, stack(0x000000001c3c0000,0x000000001c4c0000)]
  0x00000000178d7800 JavaThread "Cache worker for file hash cache (C:\Users\Admin\.gradle\caches\7.2\fileHashes)" [_thread_blocked, id=10400, stack(0x000000001a120000,0x000000001a220000)]
  0x00000000178d5000 JavaThread "File lock request listener" [_thread_in_native, id=8904, stack(0x000000001a020000,0x000000001a120000)]
  0x00000000178d3800 JavaThread "Cache worker for journal cache (C:\Users\Admin\.gradle\caches\journal-1)" [_thread_blocked, id=8544, stack(0x0000000019e20000,0x0000000019f20000)]
  0x000000001788e000 JavaThread "Daemon client event forwarder" [_thread_blocked, id=24988, stack(0x0000000018b50000,0x0000000018c50000)]
  0x000000001788d800 JavaThread "Stdin handler" [_thread_blocked, id=11768, stack(0x0000000018a50000,0x0000000018b50000)]
  0x000000001788a000 JavaThread "Asynchronous log dispatcher for DefaultDaemonConnection: socket connection from /127.0.0.1:61645 to /127.0.0.1:61646" [_thread_blocked, id=15644, stack(0x0000000018950000,0x0000000018a50000)]
  0x0000000017890000 JavaThread "Daemon worker" [_thread_in_vm, id=4664, stack(0x0000000018850000,0x0000000018950000)]
  0x0000000017885800 JavaThread "Cancel handler" [_thread_blocked, id=24516, stack(0x0000000018750000,0x0000000018850000)]
  0x000000001786c000 JavaThread "Handler for socket connection from /127.0.0.1:61645 to /127.0.0.1:61646" [_thread_in_native, id=4292, stack(0x0000000018650000,0x0000000018750000)]
  0x000000001786a800 JavaThread "Daemon" [_thread_blocked, id=9628, stack(0x0000000018550000,0x0000000018650000)]
  0x000000001780a800 JavaThread "Daemon periodic checks" [_thread_blocked, id=852, stack(0x0000000018250000,0x0000000018350000)]
  0x0000000017809800 JavaThread "Incoming local TCP Connector on port 61645" [_thread_in_native, id=4352, stack(0x0000000018010000,0x0000000018110000)]
  0x000000001742f800 JavaThread "Daemon health stats" [_thread_blocked, id=17572, stack(0x0000000017bd0000,0x0000000017cd0000)]
  0x0000000013cad800 JavaThread "Service Thread" daemon [_thread_blocked, id=408, stack(0x0000000016000000,0x0000000016100000)]
  0x0000000015902000 JavaThread "C1 CompilerThread2" daemon [_thread_blocked, id=12788, stack(0x0000000015f00000,0x0000000016000000)]
  0x0000000015901000 JavaThread "C2 CompilerThread1" daemon [_thread_blocked, id=22620, stack(0x0000000015e00000,0x0000000015f00000)]
=>0x0000000013ca9000 JavaThread "C2 CompilerThread0" daemon [_thread_in_native, id=18276, stack(0x0000000015d00000,0x0000000015e00000)]
  0x0000000013ca4800 JavaThread "Attach Listener" daemon [_thread_blocked, id=4496, stack(0x0000000015800000,0x0000000015900000)]
  0x0000000013ca3800 JavaThread "Signal Dispatcher" daemon [_thread_blocked, id=21296, stack(0x0000000015700000,0x0000000015800000)]
  0x000000000262a800 JavaThread "Finalizer" daemon [_thread_blocked, id=8220, stack(0x0000000015500000,0x0000000015600000)]
  0x0000000002628800 JavaThread "Reference Handler" daemon [_thread_blocked, id=25212, stack(0x0000000015400000,0x0000000015500000)]
  0x0000000002535800 JavaThread "main" [_thread_blocked, id=23548, stack(0x0000000002430000,0x0000000002530000)]

Other Threads:
  0x0000000013c56800 VMThread [stack: 0x0000000015300000,0x0000000015400000] [id=19376]
  0x0000000013cae800 WatcherThread [stack: 0x0000000016100000,0x0000000016200000] [id=17936]

VM state:not at safepoint (normal execution)

VM Mutex/Monitor currently owned by a thread: None

heap address: 0x00000000e0000000, size: 512 MB, Compressed Oops mode: 32-bit
Narrow klass base: 0x0000000000000000, Narrow klass shift: 3
Compressed class space size: 1073741824 Address: 0x0000000100000000

Heap:
 PSYoungGen      total 141824K, used 3479K [0x00000000f5580000, 0x0000000100000000, 0x0000000100000000)
  eden space 131072K, 2% used [0x00000000f5580000,0x00000000f58e5e60,0x00000000fd580000)
  from space 10752K, 0% used [0x00000000fd580000,0x00000000fd580000,0x00000000fe000000)
  to   space 10752K, 0% used [0x00000000ff580000,0x00000000ff580000,0x0000000100000000)
 ParOldGen       total 175104K, used 13527K [0x00000000e0000000, 0x00000000eab00000, 0x00000000f5580000)
  object space 175104K, 7% used [0x00000000e0000000,0x00000000e0d35e40,0x00000000eab00000)
 Metaspace       used 20578K, capacity 21390K, committed 21680K, reserved 1069056K
  class space    used 3028K, capacity 3245K, committed 3328K, reserved 1048576K

Card table byte_map: [0x00000000119f0000,0x0000000011b00000] byte_map_base: 0x00000000112f0000

Marking Bits: (ParMarkBitMap*) 0x00000000743b2480
 Begin Bits: [0x00000000121b0000, 0x00000000129b0000)
 End Bits:   [0x00000000129b0000, 0x00000000131b0000)

Polling page: 0x0000000000d10000

CodeCache: size=245760Kb used=6819Kb max_used=6830Kb free=238940Kb
 bounds [0x0000000002630000, 0x0000000002ce0000, 0x0000000011630000]
 total_blobs=2395 nmethods=1956 adapters=352
 compilation: enabled

Compilation events (10 events):
Event: 3.561 Thread 0x0000000015902000 nmethod 1946 0x0000000002cda250 code [0x0000000002cda400, 0x0000000002cdaa18]
Event: 3.562 Thread 0x0000000015902000 1951       3       java.util.Collections$UnmodifiableMap$UnmodifiableEntrySet$1::next (20 bytes)
Event: 3.562 Thread 0x0000000015902000 nmethod 1951 0x0000000002cd98d0 code [0x0000000002cd9a80, 0x0000000002cda018]
Event: 3.562 Thread 0x0000000015902000 1952       3       java.util.Collections$UnmodifiableMap$UnmodifiableEntrySet$UnmodifiableEntry::<init> (16 bytes)
Event: 3.562 Thread 0x0000000015902000 nmethod 1952 0x0000000002cd92d0 code [0x0000000002cd9440, 0x0000000002cd9768]
Event: 3.562 Thread 0x0000000015902000 1953       1       java.util.Hashtable::access$500 (5 bytes)
Event: 3.562 Thread 0x0000000015902000 nmethod 1953 0x0000000002cd9010 code [0x0000000002cd9160, 0x0000000002cd9250]
Event: 3.562 Thread 0x0000000015902000 1954       1       java.util.Hashtable$Entry::getKey (5 bytes)
Event: 3.562 Thread 0x0000000015902000 nmethod 1954 0x0000000002cd8d50 code [0x0000000002cd8ea0, 0x0000000002cd8fb0]
Event: 3.567 Thread 0x0000000015902000 1955       1       org.gradle.internal.logging.events.CategorisedOutputEvent::getCategory (5 bytes)

GC Heap History (8 events):
Event: 1.100 GC heap before
{Heap before GC invocations=1 (full 0):
 PSYoungGen      total 76288K, used 65536K [0x00000000f5580000, 0x00000000faa80000, 0x0000000100000000)
  eden space 65536K, 100% used [0x00000000f5580000,0x00000000f9580000,0x00000000f9580000)
  from space 10752K, 0% used [0x00000000fa000000,0x00000000fa000000,0x00000000faa80000)
  to   space 10752K, 0% used [0x00000000f9580000,0x00000000f9580000,0x00000000fa000000)
 ParOldGen       total 175104K, used 0K [0x00000000e0000000, 0x00000000eab00000, 0x00000000f5580000)
  object space 175104K, 0% used [0x00000000e0000000,0x00000000e0000000,0x00000000eab00000)
 Metaspace       used 7568K, capacity 7808K, committed 8064K, reserved 1056768K
  class space    used 942K, capacity 1054K, committed 1152K, reserved 1048576K
Event: 1.116 GC heap after
Heap after GC invocations=1 (full 0):
 PSYoungGen      total 76288K, used 6938K [0x00000000f5580000, 0x00000000fea80000, 0x0000000100000000)
  eden space 65536K, 0% used [0x00000000f5580000,0x00000000f5580000,0x00000000f9580000)
  from space 10752K, 64% used [0x00000000f9580000,0x00000000f9c468d0,0x00000000fa000000)
  to   space 10752K, 0% used [0x00000000fe000000,0x00000000fe000000,0x00000000fea80000)
 ParOldGen       total 175104K, used 16K [0x00000000e0000000, 0x00000000eab00000, 0x00000000f5580000)
  object space 175104K, 0% used [0x00000000e0000000,0x00000000e0004000,0x00000000eab00000)
 Metaspace       used 7568K, capacity 7808K, committed 8064K, reserved 1056768K
  class space    used 942K, capacity 1054K, committed 1152K, reserved 1048576K
}
Event: 2.349 GC heap before
{Heap before GC invocations=2 (full 0):
 PSYoungGen      total 76288K, used 72474K [0x00000000f5580000, 0x00000000fea80000, 0x0000000100000000)
  eden space 65536K, 100% used [0x00000000f5580000,0x00000000f9580000,0x00000000f9580000)
  from space 10752K, 64% used [0x00000000f9580000,0x00000000f9c468d0,0x00000000fa000000)
  to   space 10752K, 0% used [0x00000000fe000000,0x00000000fe000000,0x00000000fea80000)
 ParOldGen       total 175104K, used 16K [0x00000000e0000000, 0x00000000eab00000, 0x00000000f5580000)
  object space 175104K, 0% used [0x00000000e0000000,0x00000000e0004000,0x00000000eab00000)
 Metaspace       used 13648K, capacity 14036K, committed 14080K, reserved 1060864K
  class space    used 1885K, capacity 2006K, committed 2048K, reserved 1048576K
Event: 2.358 GC heap after
Heap after GC invocations=2 (full 0):
 PSYoungGen      total 141824K, used 9048K [0x00000000f5580000, 0x00000000fea80000, 0x0000000100000000)
  eden space 131072K, 0% used [0x00000000f5580000,0x00000000f5580000,0x00000000fd580000)
  from space 10752K, 84% used [0x00000000fe000000,0x00000000fe8d6308,0x00000000fea80000)
  to   space 10752K, 0% used [0x00000000fd580000,0x00000000fd580000,0x00000000fe000000)
 ParOldGen       total 175104K, used 24K [0x00000000e0000000, 0x00000000eab00000, 0x00000000f5580000)
  object space 175104K, 0% used [0x00000000e0000000,0x00000000e0006000,0x00000000eab00000)
 Metaspace       used 13648K, capacity 14036K, committed 14080K, reserved 1060864K
  class space    used 1885K, capacity 2006K, committed 2048K, reserved 1048576K
}
Event: 3.441 GC heap before
{Heap before GC invocations=3 (full 0):
 PSYoungGen      total 141824K, used 109137K [0x00000000f5580000, 0x00000000fea80000, 0x0000000100000000)
  eden space 131072K, 76% used [0x00000000f5580000,0x00000000fb73e1c8,0x00000000fd580000)
  from space 10752K, 84% used [0x00000000fe000000,0x00000000fe8d6308,0x00000000fea80000)
  to   space 10752K, 0% used [0x00000000fd580000,0x00000000fd580000,0x00000000fe000000)
 ParOldGen       total 175104K, used 24K [0x00000000e0000000, 0x00000000eab00000, 0x00000000f5580000)
  object space 175104K, 0% used [0x00000000e0000000,0x00000000e0006000,0x00000000eab00000)
 Metaspace       used 20428K, capacity 21162K, committed 21296K, reserved 1067008K
  class space    used 2988K, capacity 3175K, committed 3200K, reserved 1048576K
Event: 3.467 GC heap after
Heap after GC invocations=3 (full 0):
 PSYoungGen      total 141824K, used 10751K [0x00000000f5580000, 0x0000000100000000, 0x0000000100000000)
  eden space 131072K, 0% used [0x00000000f5580000,0x00000000f5580000,0x00000000fd580000)
  from space 10752K, 99% used [0x00000000fd580000,0x00000000fdfffd08,0x00000000fe000000)
  to   space 10752K, 0% used [0x00000000ff580000,0x00000000ff580000,0x0000000100000000)
 ParOldGen       total 175104K, used 3296K [0x00000000e0000000, 0x00000000eab00000, 0x00000000f5580000)
  object space 175104K, 1% used [0x00000000e0000000,0x00000000e03383d0,0x00000000eab00000)
 Metaspace       used 20428K, capacity 21162K, committed 21296K, reserved 1067008K
  class space    used 2988K, capacity 3175K, committed 3200K, reserved 1048576K
}
Event: 3.467 GC heap before
{Heap before GC invocations=4 (full 1):
 PSYoungGen      total 141824K, used 10751K [0x00000000f5580000, 0x0000000100000000, 0x0000000100000000)
  eden space 131072K, 0% used [0x00000000f5580000,0x00000000f5580000,0x00000000fd580000)
  from space 10752K, 99% used [0x00000000fd580000,0x00000000fdfffd08,0x00000000fe000000)
  to   space 10752K, 0% used [0x00000000ff580000,0x00000000ff580000,0x0000000100000000)
 ParOldGen       total 175104K, used 3296K [0x00000000e0000000, 0x00000000eab00000, 0x00000000f5580000)
  object space 175104K, 1% used [0x00000000e0000000,0x00000000e03383d0,0x00000000eab00000)
 Metaspace       used 20428K, capacity 21162K, committed 21296K, reserved 1067008K
  class space    used 2988K, capacity 3175K, committed 3200K, reserved 1048576K
Event: 3.521 GC heap after
Heap after GC invocations=4 (full 1):
 PSYoungGen      total 141824K, used 0K [0x00000000f5580000, 0x0000000100000000, 0x0000000100000000)
  eden space 131072K, 0% used [0x00000000f5580000,0x00000000f5580000,0x00000000fd580000)
  from space 10752K, 0% used [0x00000000fd580000,0x00000000fd580000,0x00000000fe000000)
  to   space 10752K, 0% used [0x00000000ff580000,0x00000000ff580000,0x0000000100000000)
 ParOldGen       total 175104K, used 13527K [0x00000000e0000000, 0x00000000eab00000, 0x00000000f5580000)
  object space 175104K, 7% used [0x00000000e0000000,0x00000000e0d35e40,0x00000000eab00000)
 Metaspace       used 20428K, capacity 21162K, committed 21296K, reserved 1067008K
  class space    used 2988K, capacity 3175K, committed 3200K, reserved 1048576K
}

Deoptimization events (10 events):
Event: 2.490 Thread 0x0000000017890000 Uncommon trap: reason=class_check action=maybe_recompile pc=0x00000000029b18c0 method=java.util.regex.Matcher.match(II)Z @ 86
Event: 2.491 Thread 0x0000000017890000 Uncommon trap: reason=class_check action=maybe_recompile pc=0x00000000029b18c0 method=java.util.regex.Matcher.match(II)Z @ 86
Event: 2.491 Thread 0x0000000017890000 Uncommon trap: reason=class_check action=maybe_recompile pc=0x00000000027e8c1c method=java.util.regex.Matcher.match(II)Z @ 86
Event: 2.557 Thread 0x0000000017890000 Uncommon trap: reason=unstable_if action=reinterpret pc=0x0000000002801394 method=java.io.WinNTFileSystem.resolve(Ljava/lang/String;Ljava/lang/String;)Ljava/lang/String; @ 19
Event: 2.558 Thread 0x0000000017890000 Uncommon trap: reason=unstable_if action=reinterpret pc=0x00000000029aa1fc method=java.io.File.getName()Ljava/lang/String; @ 16
Event: 2.558 Thread 0x0000000017890000 Uncommon trap: reason=unstable_if action=reinterpret pc=0x00000000029a4eb0 method=java.lang.String.substring(I)Ljava/lang/String; @ 35
Event: 3.074 Thread 0x0000000017890000 Uncommon trap: reason=unstable_if action=reinterpret pc=0x0000000002a1f138 method=java.net.URI.match(CJJ)Z @ 19
Event: 3.074 Thread 0x0000000017890000 Uncommon trap: reason=unstable_if action=reinterpret pc=0x000000000290c8b8 method=java.net.URI.match(CJJ)Z @ 19
Event: 3.074 Thread 0x0000000017890000 Uncommon trap: reason=unstable_if action=reinterpret pc=0x000000000280f388 method=java.net.URI.match(CJJ)Z @ 19
Event: 3.391 Thread 0x0000000017890000 Uncommon trap: reason=predicate action=maybe_recompile pc=0x0000000002c9ae88 method=com.google.common.base.CharMatcher.indexIn(Ljava/lang/CharSequence;I)I @ 22

Classes redefined (0 events):
No events

Internal exceptions (10 events):
Event: 1.618 Thread 0x0000000002535800 Exception <a 'java/lang/NoSuchMethodError': java.lang.Object.lambda$get$0(Ljava/util/function/Supplier;Ljava/lang/Object;)Ljava/lang/Object;> (0x00000000f78c9088) thrown at [C:\tmp\build-8-cpu\jdk8u\hotspot\src\share\vm\interpreter\linkResolver.cpp, line 
Event: 2.089 Thread 0x0000000002535800 Exception <a 'java/io/IOException'> (0x00000000f7c76c50) thrown at [C:\tmp\build-8-cpu\jdk8u\hotspot\src\share\vm\prims\jni.cpp, line 711]
Event: 2.367 Thread 0x0000000017890000 Exception <a 'java/lang/NoSuchMethodError': java.lang.Object.lambda$static$0(Lorg/gradle/internal/state/ModelObject;)Ljava/lang/String;> (0x00000000f5679598) thrown at [C:\tmp\build-8-cpu\jdk8u\hotspot\src\share\vm\interpreter\linkResolver.cpp, line 620]
Event: 2.610 Thread 0x0000000017890000 Exception <a 'java/lang/NoSuchMethodError': java.lang.Object.lambda$and$0(Ljava/util/function/Predicate;Ljava/lang/Object;)Z> (0x00000000f714e600) thrown at [C:\tmp\build-8-cpu\jdk8u\hotspot\src\share\vm\interpreter\linkResolver.cpp, line 620]
Event: 2.617 Thread 0x0000000017890000 Exception <a 'java/lang/IncompatibleClassChangeError': Found class java.lang.Object, but interface was expected> (0x00000000f715ec20) thrown at [C:\tmp\build-8-cpu\jdk8u\hotspot\src\share\vm\interpreter\linkResolver.cpp, line 653]
Event: 2.620 Thread 0x0000000017890000 Exception <a 'java/lang/NoSuchMethodError': java.lang.Object.lambda$or$2(Ljava/util/function/Predicate;Ljava/lang/Object;)Z> (0x00000000f71639d0) thrown at [C:\tmp\build-8-cpu\jdk8u\hotspot\src\share\vm\interpreter\linkResolver.cpp, line 620]
Event: 2.696 Thread 0x0000000017890000 Exception <a 'java/lang/NoSuchMethodError': java.lang.Object.lambda$comparing$77a9974f$1(Ljava/util/function/Function;Ljava/lang/Object;Ljava/lang/Object;)I> (0x00000000f78468c0) thrown at [C:\tmp\build-8-cpu\jdk8u\hotspot\src\share\vm\interpreter\linkRes
Event: 3.290 Thread 0x0000000017890000 Exception <a 'java/lang/NoSuchMethodError': java.lang.Object.lambda$static$0(Ljava/util/Collection;)V> (0x00000000fad74260) thrown at [C:\tmp\build-8-cpu\jdk8u\hotspot\src\share\vm\interpreter\linkResolver.cpp, line 620]
Event: 3.426 Thread 0x0000000017890000 Exception <a 'java/lang/NoSuchMethodError': java.lang.Object.lambda$static$0(Ljava/io/File;)V> (0x00000000fb4e1e08) thrown at [C:\tmp\build-8-cpu\jdk8u\hotspot\src\share\vm\interpreter\linkResolver.cpp, line 620]
Event: 3.436 Thread 0x0000000017890000 Exception <a 'java/lang/NoSuchMethodError': java.lang.Object.lambda$comparingInt$7b0bb60$1(Ljava/util/function/ToIntFunction;Ljava/lang/Object;Ljava/lang/Object;)I> (0x00000000fb589910) thrown at [C:\tmp\build-8-cpu\jdk8u\hotspot\src\share\vm\interpreter\

Events (10 events):
Event: 3.562 loading class org/gradle/initialization/DirectoryInitScriptFinder
Event: 3.562 loading class org/gradle/initialization/DirectoryInitScriptFinder done
Event: 3.562 loading class org/gradle/initialization/DistributionInitScriptFinder
Event: 3.562 loading class org/gradle/initialization/DistributionInitScriptFinder done
Event: 3.566 loading class org/gradle/initialization/BuildOperationSettingsProcessor$2
Event: 3.566 loading class org/gradle/initialization/BuildOperationSettingsProcessor$2 done
Event: 3.566 loading class org/gradle/initialization/BuildOperationSettingsProcessor$2$1
Event: 3.566 loading class org/gradle/initialization/BuildOperationSettingsProcessor$2$1 done
Event: 3.567 loading class org/gradle/initialization/EvaluateSettingsBuildOperationType$Details
Event: 3.567 loading class org/gradle/initialization/EvaluateSettingsBuildOperationType$Details done


Dynamic libraries:
0x00007ff719f90000 - 0x00007ff719fc5000 	C:\Program Files\OpenJDK\openjdk-8u312-b07\bin\java.exe
0x00007ffce4930000 - 0x00007ffce4b25000 	C:\Windows\SYSTEM32\ntdll.dll
0x00007ffce3650000 - 0x00007ffce370e000 	C:\Windows\System32\KERNEL32.DLL
0x00007ffce2390000 - 0x00007ffce2658000 	C:\Windows\System32\KERNELBASE.dll
0x00007ffce3190000 - 0x00007ffce323e000 	C:\Windows\System32\ADVAPI32.dll
0x00007ffce3370000 - 0x00007ffce340e000 	C:\Windows\System32\msvcrt.dll
0x00007ffce3b70000 - 0x00007ffce3c0c000 	C:\Windows\System32\sechost.dll
0x00007ffce4000000 - 0x00007ffce4125000 	C:\Windows\System32\RPCRT4.dll
0x00007ffce4140000 - 0x00007ffce42e1000 	C:\Windows\System32\USER32.dll
0x00007ffce2040000 - 0x00007ffce2062000 	C:\Windows\System32\win32u.dll
0x00007ffce3e10000 - 0x00007ffce3e3b000 	C:\Windows\System32\GDI32.dll
0x00007ffce2170000 - 0x00007ffce227d000 	C:\Windows\System32\gdi32full.dll
0x00007ffce2660000 - 0x00007ffce26fd000 	C:\Windows\System32\msvcp_win.dll
0x00007ffce2070000 - 0x00007ffce2170000 	C:\Windows\System32\ucrtbase.dll
0x00007ffccc7f0000 - 0x00007ffccca8a000 	C:\Windows\WinSxS\amd64_microsoft.windows.common-controls_6595b64144ccf1df_6.0.19041.1110_none_60b5254171f9507e\COMCTL32.dll
0x00007ffce3710000 - 0x00007ffce3740000 	C:\Windows\System32\IMM32.DLL
0x0000000074440000 - 0x0000000074512000 	C:\Program Files\OpenJDK\openjdk-8u312-b07\jre\bin\msvcr100.dll
0x0000000073ba0000 - 0x0000000074434000 	C:\Program Files\OpenJDK\openjdk-8u312-b07\jre\bin\server\jvm.dll
0x00007ffce3e40000 - 0x00007ffce3e48000 	C:\Windows\System32\PSAPI.DLL
0x00007ffcd6e40000 - 0x00007ffcd6e67000 	C:\Windows\SYSTEM32\WINMM.dll
0x00007ffcd6e70000 - 0x00007ffcd6e7a000 	C:\Windows\SYSTEM32\VERSION.dll
0x00007ffcdc200000 - 0x00007ffcdc209000 	C:\Windows\SYSTEM32\WSOCK32.dll
0x00007ffce37a0000 - 0x00007ffce380b000 	C:\Windows\System32\WS2_32.dll
0x00007ffcdc1f0000 - 0x00007ffcdc1ff000 	C:\Program Files\OpenJDK\openjdk-8u312-b07\jre\bin\verify.dll
0x00007ffcdc1c0000 - 0x00007ffcdc1e9000 	C:\Program Files\OpenJDK\openjdk-8u312-b07\jre\bin\java.dll
0x00007ffcda720000 - 0x00007ffcda736000 	C:\Program Files\OpenJDK\openjdk-8u312-b07\jre\bin\zip.dll
0x00007ffce2970000 - 0x00007ffce30b4000 	C:\Windows\System32\SHELL32.dll
0x00007ffce0110000 - 0x00007ffce08a5000 	C:\Windows\SYSTEM32\windows.storage.dll
0x00007ffce3810000 - 0x00007ffce3b65000 	C:\Windows\System32\combase.dll
0x00007ffce19c0000 - 0x00007ffce19ee000 	C:\Windows\SYSTEM32\Wldp.dll
0x00007ffce3c10000 - 0x00007ffce3cbd000 	C:\Windows\System32\SHCORE.dll
0x00007ffce3db0000 - 0x00007ffce3e05000 	C:\Windows\System32\shlwapi.dll
0x00007ffce1f80000 - 0x00007ffce1f9f000 	C:\Windows\SYSTEM32\profapi.dll
0x00007ffcd1430000 - 0x00007ffcd144b000 	C:\Program Files\OpenJDK\openjdk-8u312-b07\jre\bin\net.dll
0x00007ffce1720000 - 0x00007ffce178a000 	C:\Windows\system32\mswsock.dll
0x00007ffccadb0000 - 0x00007ffccadc1000 	C:\Program Files\OpenJDK\openjdk-8u312-b07\jre\bin\nio.dll
0x00007ffccace0000 - 0x00007ffccad07000 	C:\Users\Admin\.gradle\native\e1d6ef7f7dcc3fd88c89a11ec53ec762bb8ba0a96d01ffa2cd45eb1d1d8dd5c5\windows-amd64\native-platform.dll
0x00007ffcb3d30000 - 0x00007ffcb3e74000 	C:\Users\Admin\.gradle\native\5664cfc778a61ccfe75a443a1ab52a65af34e5dc3c78e0209fed803814484fcb\windows-amd64\native-platform-file-events.dll
0x00007ffcda6e0000 - 0x00007ffcda6ed000 	C:\Program Files\OpenJDK\openjdk-8u312-b07\jre\bin\management.dll
0x00007ffce1910000 - 0x00007ffce1928000 	C:\Windows\SYSTEM32\CRYPTSP.dll
0x00007ffce10a0000 - 0x00007ffce10d4000 	C:\Windows\system32\rsaenh.dll
0x00007ffce2310000 - 0x00007ffce2337000 	C:\Windows\System32\bcrypt.dll
0x00007ffce1f40000 - 0x00007ffce1f6e000 	C:\Windows\SYSTEM32\USERENV.dll
0x00007ffce2280000 - 0x00007ffce2302000 	C:\Windows\System32\bcryptprimitives.dll
0x00007ffce1930000 - 0x00007ffce193c000 	C:\Windows\SYSTEM32\CRYPTBASE.dll
0x00007ffce1410000 - 0x00007ffce144b000 	C:\Windows\SYSTEM32\IPHLPAPI.DLL
0x00007ffce3410000 - 0x00007ffce3418000 	C:\Windows\System32\NSI.dll
0x00007ffcd8e00000 - 0x00007ffcd8e17000 	C:\Windows\SYSTEM32\dhcpcsvc6.DLL
0x00007ffcd90c0000 - 0x00007ffcd90dd000 	C:\Windows\SYSTEM32\dhcpcsvc.DLL
0x00007ffce1450000 - 0x00007ffce151b000 	C:\Windows\SYSTEM32\DNSAPI.dll

VM Arguments:
jvm_args: -XX:MaxMetaspaceSize=256m -XX:+HeapDumpOnOutOfMemoryError -Xms256m -Xmx512m -Dfile.encoding=windows-1252 -Duser.country=US -Duser.language=en -Duser.variant 
java_command: org.gradle.launcher.daemon.bootstrap.GradleDaemon 7.2
java_class_path (initial): C:\Users\Admin\.gradle\wrapper\dists\gradle-7.2-all\260hg96vuh6ex27h9vo47iv4d\gradle-7.2\lib\gradle-launcher-7.2.jar
Launcher Type: SUN_STANDARD

Environment Variables:
JAVA_HOME=C:\Program Files\OpenJDK\openjdk-8u312-b07
CLASSPATH=D:\project\react-native-cli\StemVietNam\android\\gradle\wrapper\gradle-wrapper.jar
PATH=D:\project\react-native-cli\StemVietNam\android\node_modules\.bin;D:\project\react-native-cli\StemVietNam\node_modules\.bin;D:\project\react-native-cli\node_modules\.bin;D:\project\node_modules\.bin;D:\node_modules\.bin;C:\Program Files\nodejs;C:\Program Files\nodejs\node_modules\npm\node_modules\npm-lifecycle\node-gyp-bin;D:\project\react-native-cli\StemVietNam\node_modules\.bin;C:\Windows\system32;C:\Windows;C:\Windows\System32\Wbem;C:\Windows\System32\WindowsPowerShell\v1.0\;C:\Windows\System32\OpenSSH\;C:\Program Files\Git\cmd;C:\Users\Admin\AppData\Roaming\nvm;C:\Program Files\nodejs;C:\Program Files\nodejs\;C:\ProgramData\chocolatey\bin;C:\Program Files\OpenJDK\openjdk-8u312-b07\bin;C:\Users\Admin\AppData\Local\Microsoft\WindowsApps;C:\Users\Admin\AppData\Local\Programs\Microsoft VS Code\bin;C:\Users\Admin\AppData\Roaming\nvm;C:\Program Files\nodejs;C:\Users\Admin\AppData\Roaming\npm;C:\Users\Admin\AppData\Local\Android\Sdk\platform-tools;
USERNAME=Admin
OS=Windows_NT
PROCESSOR_IDENTIFIER=AMD64 Family 23 Model 96 Stepping 1, AuthenticAMD



---------------  S Y S T E M  ---------------

OS: Windows 10.0 , 64 bit Build 19041 (10.0.19041.1466)

CPU:total 6 (initial active 6) (6 cores per cpu, 1 threads per core) family 23 model 96 stepping 1, cmov, cx8, fxsr, mmx, sse, sse2, sse3, ssse3, sse4.1, sse4.2, popcnt, avx, avx2, aes, clmul, mmxext, 3dnowpref, lzcnt, sse4a, tsc, tscinvbit, tscinv, bmi1

Memory: 4k page, physical 6157636k(198916k free), swap 25032004k(3640k free)

vm_info: OpenJDK 64-Bit Server VM (25.312-b07) for windows-amd64 JRE (1.8.0_312-b07), built on Oct 15 2021 11:47:12 by "build" with MS VC++ 10.0 (VS2010)

time: Thu Feb 17 11:12:38 2022
timezone: SE Asia Standard Time
elapsed time: 3.578635 seconds (0d 0h 0m 3s)

